app/build/outputs/mapping/release/seeds.txt
com.zhongheng.MainApplication
com.zhongheng.MainApplication: MainApplication()
com.zhongheng.R$anim: int abc_fade_in
com.zhongheng.R$anim: int abc_fade_out
com.zhongheng.R$anim: int abc_grow_fade_in_from_bottom
com.zhongheng.R$anim: int abc_popup_enter
com.zhongheng.R$anim: int abc_popup_exit
com.zhongheng.R$anim: int abc_shrink_fade_out_from_bottom
com.zhongheng.R$anim: int abc_slide_in_bottom
com.zhongheng.R$anim: int abc_slide_in_top
com.zhongheng.R$anim: int abc_slide_out_bottom
com.zhongheng.R$anim: int abc_slide_out_top
com.zhongheng.R$anim: int catalyst_fade_in
com.zhongheng.R$anim: int catalyst_fade_out
com.zhongheng.R$anim: int catalyst_push_up_in
com.zhongheng.R$anim: int catalyst_push_up_out
com.zhongheng.R$anim: int catalyst_slide_down
com.zhongheng.R$anim: int catalyst_slide_up
com.zhongheng.R$anim: int tooltip_enter
com.zhongheng.R$anim: int tooltip_exit
com.zhongheng.R$attr: int actionBarDivider
com.zhongheng.R$attr: int actionBarItemBackground
com.zhongheng.R$attr: int actionBarPopupTheme
com.zhongheng.R$attr: int actionBarSize
com.zhongheng.R$attr: int actionBarSplitStyle
com.zhongheng.R$attr: int actionBarStyle
com.zhongheng.R$attr: int actionBarTabBarStyle
com.zhongheng.R$attr: int actionBarTabStyle
com.zhongheng.R$attr: int actionBarTabTextStyle
com.zhongheng.R$attr: int actionBarTheme
com.zhongheng.R$attr: int actionBarWidgetTheme
com.zhongheng.R$attr: int actionButtonStyle
com.zhongheng.R$attr: int actionDropDownStyle
com.zhongheng.R$attr: int actionLayout
com.zhongheng.R$attr: int actionMenuTextAppearance
com.zhongheng.R$attr: int actionMenuTextColor
com.zhongheng.R$attr: int actionModeBackground
com.zhongheng.R$attr: int actionModeCloseButtonStyle
com.zhongheng.R$attr: int actionModeCloseDrawable
com.zhongheng.R$attr: int actionModeCopyDrawable
com.zhongheng.R$attr: int actionModeCutDrawable
com.zhongheng.R$attr: int actionModeFindDrawable
com.zhongheng.R$attr: int actionModePasteDrawable
com.zhongheng.R$attr: int actionModePopupWindowStyle
com.zhongheng.R$attr: int actionModeSelectAllDrawable
com.zhongheng.R$attr: int actionModeShareDrawable
com.zhongheng.R$attr: int actionModeSplitBackground
com.zhongheng.R$attr: int actionModeStyle
com.zhongheng.R$attr: int actionModeWebSearchDrawable
com.zhongheng.R$attr: int actionOverflowButtonStyle
com.zhongheng.R$attr: int actionOverflowMenuStyle
com.zhongheng.R$bool: int abc_action_bar_embed_tabs
com.zhongheng.R$bool: int abc_allow_stacked_button_bar
com.zhongheng.R$bool: int abc_config_actionMenuItemAllCaps
com.zhongheng.R$bool: int abc_config_closeDialogWhenTouchOutside
com.zhongheng.R$bool: int abc_config_showMenuShortcutsWhenKeyboardPresent
...
okhttp3.internal.io.FileSystem
okhttp3.internal.io.FileSystem: okhttp3.internal.io.FileSystem SYSTEM
okhttp3.internal.io.FileSystem: okio.Source source(java.io.File)
okhttp3.internal.io.FileSystem: okio.Sink sink(java.io.File)
okhttp3.internal.io.FileSystem: okio.Sink appendingSink(java.io.File)
okhttp3.internal.io.FileSystem: void delete(java.io.File)
okhttp3.internal.io.FileSystem: boolean exists(java.io.File)
okhttp3.internal.io.FileSystem: long size(java.io.File)
okhttp3.internal.io.FileSystem: void rename(java.io.File,java.io.File)
okhttp3.internal.io.FileSystem: void deleteContents(java.io.File)
okhttp3.internal.io.FileSystem: void <clinit>()
okhttp3.internal.io.FileSystem$1
okhttp3.internal.io.FileSystem$1: FileSystem$1()
okhttp3.internal.io.FileSystem$1: okio.Source source(java.io.File)
okhttp3.internal.io.FileSystem$1: okio.Sink sink(java.io.File)
okhttp3.internal.io.FileSystem$1: okio.Sink appendingSink(java.io.File)
okhttp3.internal.io.FileSystem$1: void delete(java.io.File)
okhttp3.internal.io.FileSystem$1: boolean exists(java.io.File)
okhttp3.internal.io.FileSystem$1: long size(java.io.File)
okhttp3.internal.io.FileSystem$1: void rename(java.io.File,java.io.File)
okhttp3.internal.io.FileSystem$1: void deleteContents(java.io.File)
okhttp3.internal.platform.AndroidPlatform
okhttp3.internal.platform.AndroidPlatform: int MAX_LOG_LENGTH
okhttp3.internal.platform.AndroidPlatform: java.lang.Class sslParametersClass
okhttp3.internal.platform.AndroidPlatform: okhttp3.internal.platform.OptionalMethod setUseSessionTickets
okhttp3.internal.platform.AndroidPlatform: okhttp3.internal.platform.OptionalMethod setHostname
okhttp3.internal.platform.AndroidPlatform: okhttp3.internal.platform.OptionalMethod getAlpnSelectedProtocol
okhttp3.internal.platform.AndroidPlatform: okhttp3.internal.platform.OptionalMethod setAlpnProtocols
okhttp3.internal.platform.AndroidPlatform: okhttp3.internal.platform.AndroidPlatform$CloseGuard closeGuard
okhttp3.internal.platform.AndroidPlatform: AndroidPlatform(java.lang.Class,okhttp3.internal.platform.OptionalMethod,okhttp3.internal.platform.OptionalMethod,okhttp3.internal.platform.OptionalMethod,okhttp3.internal.platform.OptionalMethod)
okhttp3.internal.platform.AndroidPlatform: void connectSocket(java.net.Socket,java.net.InetSocketAddress,int)
okhttp3.internal.platform.AndroidPlatform: javax.net.ssl.X509TrustManager trustManager(javax.net.ssl.SSLSocketFactory)
okhttp3.internal.platform.AndroidPlatform: void configureTlsExtensions(javax.net.ssl.SSLSocket,java.lang.String,java.util.List)
okhttp3.internal.platform.AndroidPlatform: java.lang.String getSelectedProtocol(javax.net.ssl.SSLSocket)
okhttp3.internal.platform.AndroidPlatform: void log(int,java.lang.String,java.lang.Throwable)
okhttp3.internal.platform.AndroidPlatform$AndroidCertificateChainCleaner
okhttp3.internal.platform.AndroidPlatform$AndroidCertificateChainCleaner: java.lang.Object x509TrustManagerExtensions
okhttp3.internal.platform.AndroidPlatform$AndroidCertificateChainCleaner: java.lang.reflect.Method checkServerTrusted
okhttp3.internal.platform.AndroidPlatform$AndroidCertificateChainCleaner: AndroidPlatform$AndroidCertificateChainCleaner(java.lang.Object,java.lang.reflect.Method)
okhttp3.internal.platform.AndroidPlatform$AndroidCertificateChainCleaner: java.util.List clean(java.util.List,java.lang.String)
okhttp3.internal.platform.AndroidPlatform$AndroidCertificateChainCleaner: boolean equals(java.lang.Object)
okhttp3.internal.platform.AndroidPlatform$AndroidCertificateChainCleaner: int hashCode()