app/build/outputs/mapping/release/usage.txt
com.zhongheng.BuildConfig
com.zhongheng.R
com.zhongheng.R$anim
com.zhongheng.R$attr
com.zhongheng.R$bool
com.zhongheng.R$color
com.zhongheng.R$dimen
com.zhongheng.R$drawable
com.zhongheng.R$id
com.zhongheng.R$integer
com.zhongheng.R$layout
com.zhongheng.R$mipmap
com.zhongheng.R$string
com.zhongheng.R$style
com.zhongheng.R$styleable
com.zhongheng.R$xml
...
com.facebook.react.animation.ImmediateAnimation
com.facebook.react.animation.NoopAnimationPropertyUpdater
com.facebook.react.animation.OpacityAnimationPropertyUpdater
com.facebook.react.animation.PositionAnimationPairPropertyUpdater
com.facebook.react.animation.RotationAnimationPropertyUpdater
com.facebook.react.animation.ScaleXAnimationPropertyUpdater
com.facebook.react.animation.ScaleXYAnimationPairPropertyUpdater
com.facebook.react.animation.ScaleYAnimationPropertyUpdater
com.facebook.react.bridge.Arguments:
    22:22:public Arguments()
    325:363:public static java.util.ArrayList toList(com.facebook.react.bridge.ReadableArray)
    375:410:public static android.os.Bundle toBundle(com.facebook.react.bridge.ReadableMap)
com.facebook.react.bridge.Arguments$2
com.facebook.react.bridge.BaseActivityEventListener
com.facebook.react.bridge.CatalystInstance:
    public abstract boolean hasRunJSBundle()
    public abstract boolean hasNativeModule(java.lang.Class)
    public abstract java.util.Collection getNativeModules()
    public abstract void extendNativeModules(com.facebook.react.bridge.NativeModuleRegistry)
    public abstract void registerSegment(int,java.lang.String)
    public abstract com.facebook.react.bridge.JavaScriptContextHolder getJavaScriptContextHolder()
com.facebook.react.bridge.CatalystInstanceImpl:
    175:180:public void extendNativeModules(com.facebook.react.bridge.NativeModuleRegistry)
    205:207:void setSourceURLs(java.lang.String,java.lang.String)
    211:212:public void registerSegment(int,java.lang.String)
    256:258:public boolean hasRunJSBundle()
    404:404:public boolean hasNativeModule(java.lang.Class)
    416:416:public java.util.Collection getNativeModules()
    454:454:public com.facebook.react.bridge.JavaScriptContextHolder getJavaScriptContextHolder()
com.facebook.react.bridge.CatalystInstanceImpl$JSProfilerTraceListener:
    534:538:public void onTraceStarted()
    542:546:public void onTraceStopped()
com.facebook.react.bridge.Dynamic:
    public abstract boolean asBoolean()
    public abstract int asInt()
    public abstract com.facebook.react.bridge.ReadableArray asArray()
    public abstract com.facebook.react.bridge.ReadableMap asMap()
com.facebook.react.bridge.DynamicFromArray:
    55:58:public boolean asBoolean()
    71:74:public int asInt()
    87:90:public com.facebook.react.bridge.ReadableArray asArray()
    95:98:public com.facebook.react.bridge.ReadableMap asMap()
com.facebook.react.bridge.DynamicFromMap:
    55:58:public boolean asBoolean()
    71:74:public int asInt()
    87:90:public com.facebook.react.bridge.ReadableArray asArray()
    95:98:public com.facebook.react.bridge.ReadableMap asMap()
com.facebook.react.bridge.FallbackJSBundleLoader
com.facebook.react.bridge.Inspector:
    private final com.facebook.jni.HybridData mHybridData
    24:27:public static java.util.List getPages()
    33:36:public static com.facebook.react.bridge.Inspector$LocalConnection connect(int,com.facebook.react.bridge.Inspector$RemoteConnection)
    46:48:private Inspector(com.facebook.jni.HybridData)
com.facebook.react.bridge.Inspector$LocalConnection:
    private final com.facebook.jni.HybridData mHybridData
    91:93:private Inspector$LocalConnection(com.facebook.jni.HybridData)
com.facebook.react.bridge.Inspector$Page:
    56:56:public int getId()
    60:60:public java.lang.String getTitle()
com.facebook.react.bridge.Inspector$RemoteConnection:
    public abstract void onMessage(java.lang.String)
    public abstract void onDisconnect()
com.facebook.react.bridge.JSBundleLoader:
    90:90:public static com.facebook.react.bridge.JSBundleLoader createRemoteDebuggerBundleLoader(java.lang.String,java.lang.String)
com.facebook.react.bridge.JSBundleLoader$4
com.facebook.react.bridge.JavaJSExecutor:
    public abstract void close()
com.facebook.react.bridge.JavaJSExecutor$Factory